<?xml version="1.0" encoding="utf-8"?><testsuites><testsuite name="pytest" errors="0" failures="0" skipped="11" tests="12" time="44.149" timestamp="2026-05-27T10:47:21.040187+07:00" hostname="LAPTOP-HC1GHGGR"><testcase classname="tests.test_borrow_return" name="test_borrow_book" time="1.186"><skipped type="pytest.skip" message="Not implemented — student must complete (Chưa hoàn thành)">C:\Users\ACER\stqa-automation-testing-stqa_group_29\tests\test_borrow_return.py:53: Not implemented — student must complete (Chưa hoàn thành)</skipped></testcase><testcase classname="tests.test_borrow_return" name="test_view_borrowed_books" time="0.219"><skipped type="pytest.skip" message="Not implemented — student must complete (Chưa hoàn thành)">C:\Users\ACER\stqa-automation-testing-stqa_group_29\tests\test_borrow_return.py:71: Not implemented — student must complete (Chưa hoàn thành)</skipped></testcase><testcase classname="tests.test_borrow_return" name="test_return_book" time="0.232"><skipped type="pytest.skip" message="Not implemented — student must complete (Chưa hoàn thành)">C:\Users\ACER\stqa-automation-testing-stqa_group_29\tests\test_borrow_return.py:91: Not implemented — student must complete (Chưa hoàn thành)</skipped></testcase><testcase classname="tests.test_general" name="test_logout" time="0.217"><skipped type="pytest.skip" message="Not implemented — student must complete (Chưa hoàn thành)">C:\Users\ACER\stqa-automation-testing-stqa_group_29\tests\test_general.py:44: Not implemented — student must complete (Chưa hoàn thành)</skipped></testcase><testcase classname="tests.test_general" name="test_switch_language_to_english" time="0.208"><skipped type="pytest.skip" message="Not implemented — student must complete (Chưa hoàn thành)">C:\Users\ACER\stqa-automation-testing-stqa_group_29\tests\test_general.py:64: Not implemented — student must complete (Chưa hoàn thành)</skipped></testcase><testcase classname="tests.test_login" name="test_login_success" time="40.363" /><testcase classname="tests.test_login" name="test_login_fail_wrong_password" time="0.251"><skipped type="pytest.skip" message="Not implemented — student must complete (Chưa hoàn thành)">C:\Users\ACER\stqa-automation-testing-stqa_group_29\tests\test_login.py:91: Not implemented — student must complete (Chưa hoàn thành)</skipped></testcase><testcase classname="tests.test_login" name="test_login_fail_empty_fields" time="0.205"><skipped type="pytest.skip" message="Not implemented — student must complete (Chưa hoàn thành)">C:\Users\ACER\stqa-automation-testing-stqa_group_29\tests\test_login.py:111: Not implemented — student must complete (Chưa hoàn thành)</skipped></testcase><testcase classname="tests.test_search" name="test_search_book_by_name" time="0.221"><skipped type="pytest.skip" message="Not implemented — student must complete (Chưa hoàn thành)">C:\Users\ACER\stqa-automation-testing-stqa_group_29\tests\test_search.py:41: Not implemented — student must complete (Chưa hoàn thành)</skipped></testcase><testcase classname="tests.test_search" name="test_search_book_no_result" time="0.247"><skipped type="pytest.skip" message="Not implemented — student must complete (Chưa hoàn thành)">C:\Users\ACER\stqa-automation-testing-stqa_group_29\tests\test_search.py:58: Not implemented — student must complete (Chưa hoàn thành)</skipped></testcase><testcase classname="tests.test_search" name="test_filter_by_category" time="0.210"><skipped type="pytest.skip" message="Not implemented — student must complete (Chưa hoàn thành)">C:\Users\ACER\stqa-automation-testing-stqa_group_29\tests\test_search.py:80: Not implemented — student must complete (Chưa hoàn thành)</skipped></testcase><testcase classname="tests.test_search" name="test_search_by_author" time="0.501"><skipped type="pytest.skip" message="Not implemented — student must complete (Chưa hoàn thành)">C:\Users\ACER\stqa-automation-testing-stqa_group_29\tests\test_search.py:97: Not implemented — student must complete (Chưa hoàn thành)</skipped></testcase></testsuite></testsuites>